<?xml version="1.0" encoding="UTF-8"?>
<testsuite xmlns:xsi="http://www.w3.org/2001/XMLSchema-instance" xsi:noNamespaceSchemaLocation="https://maven.apache.org/surefire/maven-surefire-plugin/xsd/surefire-test-report.xsd" name="complexLibrary.MatricesComplejasTest" time="0.738" tests="39" errors="0" skipped="0" failures="0">
  <properties>
    <property name="sun.desktop" value="windows"/>
    <property name="awt.toolkit" value="sun.awt.windows.WToolkit"/>
    <property name="file.encoding.pkg" value="sun.io"/>
    <property name="java.specification.version" value="1.8"/>
    <property name="sun.cpu.isalist" value="amd64"/>
    <property name="sun.jnu.encoding" value="Cp1252"/>
    <property name="java.class.path" value="C:\Users\juans\OneDrive - ESCUELA COLOMBIANA DE INGENIERIA\Escuela de Ing\Sexto semestre\CNYT\LibreriaNumerosComplejos\target\test-classes;C:\Users\juans\OneDrive - ESCUELA COLOMBIANA DE INGENIERIA\Escuela de Ing\Sexto semestre\CNYT\LibreriaNumerosComplejos\target\classes;C:\Users\juans\.m2\repository\junit\junit\4.12\junit-4.12.jar;C:\Users\juans\.m2\repository\org\hamcrest\hamcrest-core\1.3\hamcrest-core-1.3.jar;"/>
    <property name="java.vm.vendor" value="Oracle Corporation"/>
    <property name="sun.arch.data.model" value="64"/>
    <property name="user.variant" value=""/>
    <property name="java.vendor.url" value="http://java.oracle.com/"/>
    <property name="user.timezone" value="America/Bogota"/>
    <property name="java.vm.specification.version" value="1.8"/>
    <property name="os.name" value="Windows 10"/>
    <property name="user.country" value="CO"/>
    <property name="sun.java.launcher" value="SUN_STANDARD"/>
    <property name="sun.boot.library.path" value="C:\Program Files\Java\jdk1.8.0_181\jre\bin"/>
    <property name="sun.java.command" value="C:\Users\juans\AppData\Local\Temp\surefire7136106826247291451\surefirebooter2808909107995203855.jar C:\Users\juans\AppData\Local\Temp\surefire7136106826247291451 2019-09-15T20-05-06_314-jvmRun1 surefire5102491639936022468tmp surefire_03149095350501156847tmp"/>
    <property name="surefire.test.class.path" value="C:\Users\juans\OneDrive - ESCUELA COLOMBIANA DE INGENIERIA\Escuela de Ing\Sexto semestre\CNYT\LibreriaNumerosComplejos\target\test-classes;C:\Users\juans\OneDrive - ESCUELA COLOMBIANA DE INGENIERIA\Escuela de Ing\Sexto semestre\CNYT\LibreriaNumerosComplejos\target\classes;C:\Users\juans\.m2\repository\junit\junit\4.12\junit-4.12.jar;C:\Users\juans\.m2\repository\org\hamcrest\hamcrest-core\1.3\hamcrest-core-1.3.jar;"/>
    <property name="sun.cpu.endian" value="little"/>
    <property name="user.home" value="C:\Users\juans"/>
    <property name="user.language" value="es"/>
    <property name="java.specification.vendor" value="Oracle Corporation"/>
    <property name="java.home" value="C:\Program Files\Java\jdk1.8.0_181\jre"/>
    <property name="basedir" value="C:\Users\juans\OneDrive - ESCUELA COLOMBIANA DE INGENIERIA\Escuela de Ing\Sexto semestre\CNYT\LibreriaNumerosComplejos"/>
    <property name="file.separator" value="\"/>
    <property name="line.separator" value="&#10;"/>
    <property name="java.vm.specification.vendor" value="Oracle Corporation"/>
    <property name="java.specification.name" value="Java Platform API Specification"/>
    <property name="java.awt.graphicsenv" value="sun.awt.Win32GraphicsEnvironment"/>
    <property name="surefire.real.class.path" value="C:\Users\juans\AppData\Local\Temp\surefire7136106826247291451\surefirebooter2808909107995203855.jar"/>
    <property name="sun.boot.class.path" value="C:\Program Files\Java\jdk1.8.0_181\jre\lib\resources.jar;C:\Program Files\Java\jdk1.8.0_181\jre\lib\rt.jar;C:\Program Files\Java\jdk1.8.0_181\jre\lib\sunrsasign.jar;C:\Program Files\Java\jdk1.8.0_181\jre\lib\jsse.jar;C:\Program Files\Java\jdk1.8.0_181\jre\lib\jce.jar;C:\Program Files\Java\jdk1.8.0_181\jre\lib\charsets.jar;C:\Program Files\Java\jdk1.8.0_181\jre\lib\jfr.jar;C:\Program Files\Java\jdk1.8.0_181\jre\classes"/>
    <property name="user.script" value=""/>
    <property name="sun.management.compiler" value="HotSpot 64-Bit Tiered Compilers"/>
    <property name="java.runtime.version" value="1.8.0_181-b13"/>
    <property name="user.name" value="juans"/>
    <property name="path.separator" value=";"/>
    <property name="os.version" value="10.0"/>
    <property name="java.endorsed.dirs" value="C:\Program Files\Java\jdk1.8.0_181\jre\lib\endorsed"/>
    <property name="java.runtime.name" value="Java(TM) SE Runtime Environment"/>
    <property name="file.encoding" value="Cp1252"/>
    <property name="java.vm.name" value="Java HotSpot(TM) 64-Bit Server VM"/>
    <property name="localRepository" value="C:\Users\juans\.m2\repository"/>
    <property name="java.vendor.url.bug" value="http://bugreport.sun.com/bugreport/"/>
    <property name="java.io.tmpdir" value="C:\Users\juans\AppData\Local\Temp\"/>
    <property name="java.version" value="1.8.0_181"/>
    <property name="user.dir" value="C:\Users\juans\OneDrive - ESCUELA COLOMBIANA DE INGENIERIA\Escuela de Ing\Sexto semestre\CNYT\LibreriaNumerosComplejos"/>
    <property name="os.arch" value="amd64"/>
    <property name="java.vm.specification.name" value="Java Virtual Machine Specification"/>
    <property name="java.awt.printerjob" value="sun.awt.windows.WPrinterJob"/>
    <property name="sun.os.patch.level" value=""/>
    <property name="java.library.path" value="C:\Program Files\Java\jdk1.8.0_181\jre\bin;C:\WINDOWS\Sun\Java\bin;C:\WINDOWS\system32;C:\WINDOWS;C:\oraclexe\app\oracle\product\11.2.0\server\bin;C:\Program Files (x86)\Common Files\Oracle\Java\javapath;&quot;C:\Program Files (x86)\Common Files\Oracle\Java\javapath; C:\Program Files\Java\jdk1.8.0_181\bin&quot;;C:\ProgramData\Oracle\Java\javapath;C:\oraclexe\app\oracle\product\11.2.0\server\bin;C:\Program Files (x86)\Intel\iCLS Client\;C:\Program Files\Intel\iCLS Client\;C:\Windows\system32;C:\Windows;C:\Windows\System32\Wbem;C:\Windows\System32\WindowsPowerShell\v1.0\;C:\Program Files (x86)\NVIDIA Corporation\PhysX\Common;C:\Program Files (x86)\Intel\Intel(R) Management Engine Components\DAL;C:\Program Files\Intel\Intel(R) Management Engine Components\DAL;C:\Program Files (x86)\Intel\Intel(R) Management Engine Components\IPT;C:\Program Files\Intel\Intel(R) Management Engine Components\IPT;C:\WINDOWS\system32;C:\WINDOWS;C:\WINDOWS\System32\Wbem;C:\WINDOWS\System32\WindowsPowerShell\v1.0\;C:\Program Files (x86)\Microsoft SQL Server\100\Tools\Binn\;C:\Program Files (x86)\Microsoft SQL Server\100\DTS\Binn\;C:\WINDOWS\System32\OpenSSH\;C:\Program Files (x86)\Windows Live\Shared;C:\Program Files\Git\cmd;C:\Program Files\Java\jdk1.8.0_181\bin;C:\Program Files\PuTTY\;C:\Program Files (x86)\apache-ant-1.10.6\bin;C:\Program Files\Java\jdk1.8.0_181\bin;C:\Program Files (x86)\Brackets\command;C:\Program Files (x86)\apache-maven-3.6.1\bin;C:\Users\juans\AppData\Local\Programs\Python\Python37-32\Scripts\;C:\Users\juans\AppData\Local\Programs\Python\Python37-32\;C:\Program Files\MySQL\MySQL Shell 8.0\bin\;C:\Users\juans\AppData\Local\Programs\Microsoft VS Code\bin;C:\Users\juans\AppData\Local\atom\bin;."/>
    <property name="java.vm.info" value="mixed mode"/>
    <property name="java.vendor" value="Oracle Corporation"/>
    <property name="java.vm.version" value="25.181-b13"/>
    <property name="java.ext.dirs" value="C:\Program Files\Java\jdk1.8.0_181\jre\lib\ext;C:\WINDOWS\Sun\Java\lib\ext"/>
    <property name="sun.io.unicode.encoding" value="UnicodeLittle"/>
    <property name="java.class.version" value="52.0"/>
  </properties>
  <testcase name="deberiaSumarDosMatrices2" classname="complexLibrary.MatricesComplejasTest" time="0.344"/>
  <testcase name="deberiaMultiplicarDosMatrices" classname="complexLibrary.MatricesComplejasTest" time="0"/>
  <testcase name="deberiaCalcularLaNormaDeUnVector" classname="complexLibrary.MatricesComplejasTest" time="0"/>
  <testcase name="noDeberiaMultiplicarDosMatrices" classname="complexLibrary.MatricesComplejasTest" time="0"/>
  <testcase name="deberiaCalcularLaMatrizAdjunta" classname="complexLibrary.MatricesComplejasTest" time="0"/>
  <testcase name="deberiaSumarDosVectores" classname="complexLibrary.MatricesComplejasTest" time="0"/>
  <testcase name="deberiaCalcularLaMatrizTranspuesta2" classname="complexLibrary.MatricesComplejasTest" time="0"/>
  <testcase name="noDeberiaSumarMatricesDeTamaÃ±osDiferentes" classname="complexLibrary.MatricesComplejasTest" time="0.001"/>
  <testcase name="deberiaCalcularElProductoPorUnEscalarEnUnaMatriz" classname="complexLibrary.MatricesComplejasTest" time="0"/>
  <testcase name="deberiaCalcularLaMatrizConjugada2" classname="complexLibrary.MatricesComplejasTest" time="0.001"/>
  <testcase name="deberiaSerHermitiana2" classname="complexLibrary.MatricesComplejasTest" time="0"/>
  <testcase name="deberiaSumarDosVectores2" classname="complexLibrary.MatricesComplejasTest" time="0"/>
  <testcase name="noDeberiaMultiplicarDosMatrices2" classname="complexLibrary.MatricesComplejasTest" time="0"/>
  <testcase name="deberiaCalcularLaMatrizTranspuesta" classname="complexLibrary.MatricesComplejasTest" time="0"/>
  <testcase name="deberiaSerHermitiana" classname="complexLibrary.MatricesComplejasTest" time="0"/>
  <testcase name="deberiaRealizarElProductoTensorEntreMatrices" classname="complexLibrary.MatricesComplejasTest" time="0.001"/>
  <testcase name="deberiaCalcularLaInversaDeUnaMatriz" classname="complexLibrary.MatricesComplejasTest" time="0"/>
  <testcase name="deberiaCalcularLaDistanciaEntreDosVectores" classname="complexLibrary.MatricesComplejasTest" time="0"/>
  <testcase name="deberiaCalcularLaMatrizAdjunta2" classname="complexLibrary.MatricesComplejasTest" time="0"/>
  <testcase name="deberiaCalcularLaDistanciaEntreDosVectores2" classname="complexLibrary.MatricesComplejasTest" time="0"/>
  <testcase name="deberiaCalcularLaMatrizConjugada" classname="complexLibrary.MatricesComplejasTest" time="0"/>
  <testcase name="deberiaCalcularLaAccionDeUnaMatrizSobreUnVectorComplejo" classname="complexLibrary.MatricesComplejasTest" time="0"/>
  <testcase name="deberiaCalcularElProductoPorUnEscalarEnUnVector" classname="complexLibrary.MatricesComplejasTest" time="0"/>
  <testcase name="deberiaSumarModulo" classname="complexLibrary.MatricesComplejasTest" time="0"/>
  <testcase name="noDeberiaSerHermitiana" classname="complexLibrary.MatricesComplejasTest" time="0"/>
  <testcase name="deberiaCalcularElInversoAditivoDeUnaMatriz" classname="complexLibrary.MatricesComplejasTest" time="0.002"/>
  <testcase name="deberiaCalcularElProductoInternoDeUnVector" classname="complexLibrary.MatricesComplejasTest" time="0"/>
  <testcase name="deberiaMultiplicarUnEscalarPorUnVector" classname="complexLibrary.MatricesComplejasTest" time="0"/>
  <testcase name="deberiaRealizarElProductoTensorEntreVectores" classname="complexLibrary.MatricesComplejasTest" time="0.005"/>
  <testcase name="deberiaMultiplicarPorUnEscalarUnaMatriz" classname="complexLibrary.MatricesComplejasTest" time="0"/>
  <testcase name="deberiaSerUnitaria" classname="complexLibrary.MatricesComplejasTest" time="0"/>
  <testcase name="deberiaSumarDosMatrices" classname="complexLibrary.MatricesComplejasTest" time="0"/>
  <testcase name="deberiaCalcularElProductoInternoDeUnVector2" classname="complexLibrary.MatricesComplejasTest" time="0"/>
  <testcase name="deberiaCalcularElProductoInternoDeUnVector3" classname="complexLibrary.MatricesComplejasTest" time="0.001"/>
  <testcase name="deberiaCalcularElProductoInternoDeUnVector4" classname="complexLibrary.MatricesComplejasTest" time="0"/>
  <testcase name="deberiaCalcularElInversoAditivoDeUnVector" classname="complexLibrary.MatricesComplejasTest" time="0"/>
  <testcase name="deberiaMultiplicarDosMatrices2" classname="complexLibrary.MatricesComplejasTest" time="0"/>
  <testcase name="noDeberiaSerHermitiana2" classname="complexLibrary.MatricesComplejasTest" time="0.001"/>
  <testcase name="noDeberiaSerUnitaria" classname="complexLibrary.MatricesComplejasTest" time="0"/>
</testsuite>