<?xml version="1.0" encoding="UTF-8"?>
<testsuite xmlns:xsi="http://www.w3.org/2001/XMLSchema-instance" xsi:noNamespaceSchemaLocation="https://maven.apache.org/surefire/maven-surefire-plugin/xsd/surefire-test-report.xsd" name="complexLibrary.NumerosComplejosTest" time="0.007" tests="12" errors="0" skipped="0" failures="0">
  <properties>
    <property name="sun.desktop" value="windows"/>
    <property name="awt.toolkit" value="sun.awt.windows.WToolkit"/>
    <property name="file.encoding.pkg" value="sun.io"/>
    <property name="java.specification.version" value="1.8"/>
    <property name="sun.cpu.isalist" value="amd64"/>
    <property name="sun.jnu.encoding" value="Cp1252"/>
    <property name="java.class.path" value="C:\Users\juans\OneDrive - ESCUELA COLOMBIANA DE INGENIERIA\Escuela de Ing\Sexto semestre\CNYT\LibreriaNumerosComplejos\target\test-classes;C:\Users\juans\OneDrive - ESCUELA COLOMBIANA DE INGENIERIA\Escuela de Ing\Sexto semestre\CNYT\LibreriaNumerosComplejos\target\classes;C:\Users\juans\.m2\repository\junit\junit\4.12\junit-4.12.jar;C:\Users\juans\.m2\repository\org\hamcrest\hamcrest-core\1.3\hamcrest-core-1.3.jar;"/>
    <property name="java.vm.vendor" value="Oracle Corporation"/>
    <property name="sun.arch.data.model" value="64"/>
    <property name="user.variant" value=""/>
    <property name="java.vendor.url" value="http://java.oracle.com/"/>
    <property name="user.timezone" value="America/Bogota"/>
    <property name="java.vm.specification.version" value="1.8"/>
    <property name="os.name" value="Windows 10"/>
    <property name="user.country" value="CO"/>
    <property name="sun.java.launcher" value="SUN_STANDARD"/>
    <property name="sun.boot.library.path" value="C:\Program Files\Java\jdk1.8.0_111\jre\bin"/>
    <property name="sun.java.command" value="C:\Users\juans\AppData\Local\Temp\surefire5162365596965487351\surefirebooter4025958209686043276.jar C:\Users\juans\AppData\Local\Temp\surefire5162365596965487351 2019-09-22T13-15-09_041-jvmRun1 surefire8484714581486806492tmp surefire_08472691211477403719tmp"/>
    <property name="surefire.test.class.path" value="C:\Users\juans\OneDrive - ESCUELA COLOMBIANA DE INGENIERIA\Escuela de Ing\Sexto semestre\CNYT\LibreriaNumerosComplejos\target\test-classes;C:\Users\juans\OneDrive - ESCUELA COLOMBIANA DE INGENIERIA\Escuela de Ing\Sexto semestre\CNYT\LibreriaNumerosComplejos\target\classes;C:\Users\juans\.m2\repository\junit\junit\4.12\junit-4.12.jar;C:\Users\juans\.m2\repository\org\hamcrest\hamcrest-core\1.3\hamcrest-core-1.3.jar;"/>
    <property name="sun.cpu.endian" value="little"/>
    <property name="user.home" value="C:\Users\juans"/>
    <property name="user.language" value="es"/>
    <property name="java.specification.vendor" value="Oracle Corporation"/>
    <property name="java.home" value="C:\Program Files\Java\jdk1.8.0_111\jre"/>
    <property name="basedir" value="C:\Users\juans\OneDrive - ESCUELA COLOMBIANA DE INGENIERIA\Escuela de Ing\Sexto semestre\CNYT\LibreriaNumerosComplejos"/>
    <property name="file.separator" value="\"/>
    <property name="line.separator" value="&#10;"/>
    <property name="java.vm.specification.vendor" value="Oracle Corporation"/>
    <property name="java.specification.name" value="Java Platform API Specification"/>
    <property name="java.awt.graphicsenv" value="sun.awt.Win32GraphicsEnvironment"/>
    <property name="surefire.real.class.path" value="C:\Users\juans\AppData\Local\Temp\surefire5162365596965487351\surefirebooter4025958209686043276.jar"/>
    <property name="sun.boot.class.path" value="C:\Program Files\Java\jdk1.8.0_111\jre\lib\resources.jar;C:\Program Files\Java\jdk1.8.0_111\jre\lib\rt.jar;C:\Program Files\Java\jdk1.8.0_111\jre\lib\sunrsasign.jar;C:\Program Files\Java\jdk1.8.0_111\jre\lib\jsse.jar;C:\Program Files\Java\jdk1.8.0_111\jre\lib\jce.jar;C:\Program Files\Java\jdk1.8.0_111\jre\lib\charsets.jar;C:\Program Files\Java\jdk1.8.0_111\jre\lib\jfr.jar;C:\Program Files\Java\jdk1.8.0_111\jre\classes"/>
    <property name="user.script" value=""/>
    <property name="sun.management.compiler" value="HotSpot 64-Bit Tiered Compilers"/>
    <property name="java.runtime.version" value="1.8.0_111-b14"/>
    <property name="user.name" value="juans"/>
    <property name="path.separator" value=";"/>
    <property name="os.version" value="10.0"/>
    <property name="java.endorsed.dirs" value="C:\Program Files\Java\jdk1.8.0_111\jre\lib\endorsed"/>
    <property name="java.runtime.name" value="Java(TM) SE Runtime Environment"/>
    <property name="file.encoding" value="Cp1252"/>
    <property name="java.vm.name" value="Java HotSpot(TM) 64-Bit Server VM"/>
    <property name="localRepository" value="C:\Users\juans\.m2\repository"/>
    <property name="java.vendor.url.bug" value="http://bugreport.sun.com/bugreport/"/>
    <property name="java.io.tmpdir" value="C:\Users\juans\AppData\Local\Temp\"/>
    <property name="java.version" value="1.8.0_111"/>
    <property name="user.dir" value="C:\Users\juans\OneDrive - ESCUELA COLOMBIANA DE INGENIERIA\Escuela de Ing\Sexto semestre\CNYT\LibreriaNumerosComplejos"/>
    <property name="os.arch" value="amd64"/>
    <property name="java.vm.specification.name" value="Java Virtual Machine Specification"/>
    <property name="java.awt.printerjob" value="sun.awt.windows.WPrinterJob"/>
    <property name="sun.os.patch.level" value=""/>
    <property name="java.library.path" value="C:\Program Files\Java\jdk1.8.0_111\jre\bin;C:\WINDOWS\Sun\Java\bin;C:\WINDOWS\system32;C:\WINDOWS;C:\Program Files (x86)\Common Files\Oracle\Java\javapath;C:\Program Files (x86)\Intel\iCLS Client\;C:\Program Files\Intel\iCLS Client\;C:\Windows\system32;C:\Windows;C:\Windows\System32\Wbem;C:\Windows\System32\WindowsPowerShell\v1.0\;C:\Program Files (x86)\NVIDIA Corporation\PhysX\Common;C:\Program Files (x86)\Intel\Intel(R) Management Engine Components\DAL;C:\Program Files\Intel\Intel(R) Management Engine Components\DAL;C:\Program Files (x86)\Intel\Intel(R) Management Engine Components\IPT;C:\Program Files\Intel\Intel(R) Management Engine Components\IPT;C:\WINDOWS\system32;C:\WINDOWS;C:\WINDOWS\System32\Wbem;C:\WINDOWS\System32\WindowsPowerShell\v1.0\;C:\WINDOWS\System32\OpenSSH\;C:\Program Files\Git\cmd;C:\Program Files\Java\jdk1.8.0_111\bin;C:\Program Files\apache-maven-3.6.2\bin;C:\Program Files\PuTTY\;C:\Program Files (x86)\Windows Live\Shared;C:\Users\juans\AppData\Local\Microsoft\WindowsApps;C:\Users\juans\AppData\Local\Programs\Microsoft VS Code\bin;C:\Users\juans\AppData\Local\atom\bin;."/>
    <property name="java.vm.info" value="mixed mode"/>
    <property name="java.vendor" value="Oracle Corporation"/>
    <property name="java.vm.version" value="25.111-b14"/>
    <property name="java.ext.dirs" value="C:\Program Files\Java\jdk1.8.0_111\jre\lib\ext;C:\WINDOWS\Sun\Java\lib\ext"/>
    <property name="sun.io.unicode.encoding" value="UnicodeLittle"/>
    <property name="java.class.version" value="52.0"/>
  </properties>
  <testcase name="deberiaRetornarLaFase" classname="complexLibrary.NumerosComplejosTest" time="0"/>
  <testcase name="deberiaCambiarDePolarACartesiano" classname="complexLibrary.NumerosComplejosTest" time="0"/>
  <testcase name="deberianDividirseDosNumerosComplejos" classname="complexLibrary.NumerosComplejosTest" time="0"/>
  <testcase name="deberianRestarseDosNumerosComplejos" classname="complexLibrary.NumerosComplejosTest" time="0"/>
  <testcase name="deberiaCalcularElConjugado" classname="complexLibrary.NumerosComplejosTest" time="0.001"/>
  <testcase name="deberiaCalcularElModulo2" classname="complexLibrary.NumerosComplejosTest" time="0.003"/>
  <testcase name="deberiaCambiarDeCartesianoAPolar" classname="complexLibrary.NumerosComplejosTest" time="0"/>
  <testcase name="deberiaRetornarLaFaseEstandoEnFormaPolar" classname="complexLibrary.NumerosComplejosTest" time="0"/>
  <testcase name="deberiaCalcularElModulo" classname="complexLibrary.NumerosComplejosTest" time="0"/>
  <testcase name="deberianSumarseDosNumerosComplejos" classname="complexLibrary.NumerosComplejosTest" time="0"/>
  <testcase name="deberianMultiplicarseDosNumerosComplejos" classname="complexLibrary.NumerosComplejosTest" time="0"/>
  <testcase name="noDeberianDividirseDosNumerosComplejos" classname="complexLibrary.NumerosComplejosTest" time="0"/>
</testsuite>